2020-04-06 22:17:16.383 [http-nio-8881-exec-1] DEBUG com.alibaba.druid.filter.logging.Log4j2Filter.statementLog(Log4j2Filter.java:137) - {conn-10001, pstmt-20000} created. insert into tb_content (id, category_id, title, 
      sub_title, title_desc, url, 
      pic, pic2, created, 
      updated, content)
    values (?, ?, ?, 
      ?, ?, ?, 
      ?, ?, ?, 
      ?, ?)
2020-04-06 22:17:16.392 [http-nio-8881-exec-1] DEBUG com.alibaba.druid.filter.logging.Log4j2Filter.statementLog(Log4j2Filter.java:137) - {conn-10001, pstmt-20000} Parameters : [null, null, null, null, null, null, 1, null, null, null, null]
2020-04-06 22:17:16.397 [http-nio-8881-exec-1] DEBUG com.alibaba.druid.filter.logging.Log4j2Filter.statementLog(Log4j2Filter.java:137) - {conn-10001, pstmt-20000} Types : [BIGINT, BIGINT, VARCHAR, VARCHAR, VARCHAR, VARCHAR, VARCHAR, VARCHAR, TIMESTAMP, TIMESTAMP, OTHER]
2020-04-06 22:17:16.401 [http-nio-8881-exec-1] ERROR com.alibaba.druid.filter.logging.Log4j2Filter.statementLogError(Log4j2Filter.java:152) - {conn-10001, pstmt-20000} execute error. insert into tb_content (id, category_id, title, 
      sub_title, title_desc, url, 
      pic, pic2, created, 
      updated, content)
    values (?, ?, ?, 
      ?, ?, ?, 
      ?, ?, ?, 
      ?, ?)
com.mysql.jdbc.exceptions.jdbc4.MySQLIntegrityConstraintViolationException: Column 'category_id' cannot be null
	at sun.reflect.NativeConstructorAccessorImpl.newInstance0(Native Method) ~[?:1.8.0_221]
	at sun.reflect.NativeConstructorAccessorImpl.newInstance(NativeConstructorAccessorImpl.java:62) ~[?:1.8.0_221]
	at sun.reflect.DelegatingConstructorAccessorImpl.newInstance(DelegatingConstructorAccessorImpl.java:45) ~[?:1.8.0_221]
	at java.lang.reflect.Constructor.newInstance(Constructor.java:423) ~[?:1.8.0_221]
	at com.mysql.jdbc.Util.handleNewInstance(Util.java:404) ~[mysql-connector-java-5.1.38.jar:5.1.38]
	at com.mysql.jdbc.Util.getInstance(Util.java:387) ~[mysql-connector-java-5.1.38.jar:5.1.38]
	at com.mysql.jdbc.SQLError.createSQLException(SQLError.java:932) ~[mysql-connector-java-5.1.38.jar:5.1.38]
	at com.mysql.jdbc.MysqlIO.checkErrorPacket(MysqlIO.java:3878) ~[mysql-connector-java-5.1.38.jar:5.1.38]
	at com.mysql.jdbc.MysqlIO.checkErrorPacket(MysqlIO.java:3814) ~[mysql-connector-java-5.1.38.jar:5.1.38]
	at com.mysql.jdbc.MysqlIO.sendCommand(MysqlIO.java:2478) ~[mysql-connector-java-5.1.38.jar:5.1.38]
	at com.mysql.jdbc.MysqlIO.sqlQueryDirect(MysqlIO.java:2625) ~[mysql-connector-java-5.1.38.jar:5.1.38]
	at com.mysql.jdbc.ConnectionImpl.execSQL(ConnectionImpl.java:2551) ~[mysql-connector-java-5.1.38.jar:5.1.38]
	at com.mysql.jdbc.PreparedStatement.executeInternal(PreparedStatement.java:1861) ~[mysql-connector-java-5.1.38.jar:5.1.38]
	at com.mysql.jdbc.PreparedStatement.execute(PreparedStatement.java:1192) ~[mysql-connector-java-5.1.38.jar:5.1.38]
	at com.alibaba.druid.filter.FilterChainImpl.preparedStatement_execute(FilterChainImpl.java:2931) ~[druid-1.0.31.jar:1.0.31]
	at com.alibaba.druid.filter.FilterEventAdapter.preparedStatement_execute(FilterEventAdapter.java:440) [druid-1.0.31.jar:1.0.31]
	at com.alibaba.druid.filter.FilterChainImpl.preparedStatement_execute(FilterChainImpl.java:2929) [druid-1.0.31.jar:1.0.31]
	at com.alibaba.druid.wall.WallFilter.preparedStatement_execute(WallFilter.java:601) [druid-1.0.31.jar:1.0.31]
	at com.alibaba.druid.filter.FilterChainImpl.preparedStatement_execute(FilterChainImpl.java:2929) [druid-1.0.31.jar:1.0.31]
	at com.alibaba.druid.filter.FilterEventAdapter.preparedStatement_execute(FilterEventAdapter.java:440) [druid-1.0.31.jar:1.0.31]
	at com.alibaba.druid.filter.FilterChainImpl.preparedStatement_execute(FilterChainImpl.java:2929) [druid-1.0.31.jar:1.0.31]
	at com.alibaba.druid.proxy.jdbc.PreparedStatementProxyImpl.execute(PreparedStatementProxyImpl.java:131) [druid-1.0.31.jar:1.0.31]
	at com.alibaba.druid.pool.DruidPooledPreparedStatement.execute(DruidPooledPreparedStatement.java:493) [druid-1.0.31.jar:1.0.31]
	at org.apache.ibatis.executor.statement.PreparedStatementHandler.update(PreparedStatementHandler.java:46) [mybatis-3.4.4.jar:3.4.4]
	at org.apache.ibatis.executor.statement.RoutingStatementHandler.update(RoutingStatementHandler.java:74) [mybatis-3.4.4.jar:3.4.4]
	at org.apache.ibatis.executor.SimpleExecutor.doUpdate(SimpleExecutor.java:50) [mybatis-3.4.4.jar:3.4.4]
	at org.apache.ibatis.executor.BaseExecutor.update(BaseExecutor.java:117) [mybatis-3.4.4.jar:3.4.4]
	at org.apache.ibatis.executor.CachingExecutor.update(CachingExecutor.java:76) [mybatis-3.4.4.jar:3.4.4]
	at org.apache.ibatis.session.defaults.DefaultSqlSession.update(DefaultSqlSession.java:198) [mybatis-3.4.4.jar:3.4.4]
	at org.apache.ibatis.session.defaults.DefaultSqlSession.insert(DefaultSqlSession.java:185) [mybatis-3.4.4.jar:3.4.4]
	at sun.reflect.NativeMethodAccessorImpl.invoke0(Native Method) ~[?:1.8.0_221]
	at sun.reflect.NativeMethodAccessorImpl.invoke(NativeMethodAccessorImpl.java:62) ~[?:1.8.0_221]
	at sun.reflect.DelegatingMethodAccessorImpl.invoke(DelegatingMethodAccessorImpl.java:43) ~[?:1.8.0_221]
	at java.lang.reflect.Method.invoke(Method.java:498) ~[?:1.8.0_221]
	at org.mybatis.spring.SqlSessionTemplate$SqlSessionInterceptor.invoke(SqlSessionTemplate.java:433) [mybatis-spring-1.3.1.jar:1.3.1]
	at com.sun.proxy.$Proxy91.insert(Unknown Source) [?:?]
	at org.mybatis.spring.SqlSessionTemplate.insert(SqlSessionTemplate.java:278) [mybatis-spring-1.3.1.jar:1.3.1]
	at org.apache.ibatis.binding.MapperMethod.execute(MapperMethod.java:57) [mybatis-3.4.4.jar:3.4.4]
	at org.apache.ibatis.binding.MapperProxy.invoke(MapperProxy.java:59) [mybatis-3.4.4.jar:3.4.4]
	at com.sun.proxy.$Proxy92.insert(Unknown Source) [?:?]
	at com.laowang.sptest.service.TestImpl.save(TestImpl.java:15) [classes/:?]
	at com.laowang.sptest.controller.HelloController.save(HelloController.java:37) [classes/:?]
	at sun.reflect.NativeMethodAccessorImpl.invoke0(Native Method) ~[?:1.8.0_221]
	at sun.reflect.NativeMethodAccessorImpl.invoke(NativeMethodAccessorImpl.java:62) ~[?:1.8.0_221]
	at sun.reflect.DelegatingMethodAccessorImpl.invoke(DelegatingMethodAccessorImpl.java:43) ~[?:1.8.0_221]
	at java.lang.reflect.Method.invoke(Method.java:498) ~[?:1.8.0_221]
	at org.springframework.web.method.support.InvocableHandlerMethod.doInvoke(InvocableHandlerMethod.java:205) [spring-web-4.3.11.RELEASE.jar:4.3.11.RELEASE]
	at org.springframework.web.method.support.InvocableHandlerMethod.invokeForRequest(InvocableHandlerMethod.java:133) [spring-web-4.3.11.RELEASE.jar:4.3.11.RELEASE]
	at org.springframework.web.servlet.mvc.method.annotation.ServletInvocableHandlerMethod.invokeAndHandle(ServletInvocableHandlerMethod.java:97) [spring-webmvc-4.3.11.RELEASE.jar:4.3.11.RELEASE]
	at org.springframework.web.servlet.mvc.method.annotation.RequestMappingHandlerAdapter.invokeHandlerMethod(RequestMappingHandlerAdapter.java:827) [spring-webmvc-4.3.11.RELEASE.jar:4.3.11.RELEASE]
	at org.springframework.web.servlet.mvc.method.annotation.RequestMappingHandlerAdapter.handleInternal(RequestMappingHandlerAdapter.java:738) [spring-webmvc-4.3.11.RELEASE.jar:4.3.11.RELEASE]
	at org.springframework.web.servlet.mvc.method.AbstractHandlerMethodAdapter.handle(AbstractHandlerMethodAdapter.java:85) [spring-webmvc-4.3.11.RELEASE.jar:4.3.11.RELEASE]
	at org.springframework.web.servlet.DispatcherServlet.doDispatch(DispatcherServlet.java:967) [spring-webmvc-4.3.11.RELEASE.jar:4.3.11.RELEASE]
	at org.springframework.web.servlet.DispatcherServlet.doService(DispatcherServlet.java:901) [spring-webmvc-4.3.11.RELEASE.jar:4.3.11.RELEASE]
	at org.springframework.web.servlet.FrameworkServlet.processRequest(FrameworkServlet.java:970) [spring-webmvc-4.3.11.RELEASE.jar:4.3.11.RELEASE]
	at org.springframework.web.servlet.FrameworkServlet.doPost(FrameworkServlet.java:872) [spring-webmvc-4.3.11.RELEASE.jar:4.3.11.RELEASE]
	at javax.servlet.http.HttpServlet.service(HttpServlet.java:661) [tomcat-embed-core-8.5.20.jar:8.5.20]
	at org.springframework.web.servlet.FrameworkServlet.service(FrameworkServlet.java:846) [spring-webmvc-4.3.11.RELEASE.jar:4.3.11.RELEASE]
	at javax.servlet.http.HttpServlet.service(HttpServlet.java:742) [tomcat-embed-core-8.5.20.jar:8.5.20]
	at org.apache.catalina.core.ApplicationFilterChain.internalDoFilter(ApplicationFilterChain.java:231) [tomcat-embed-core-8.5.20.jar:8.5.20]
	at org.apache.catalina.core.ApplicationFilterChain.doFilter(ApplicationFilterChain.java:166) [tomcat-embed-core-8.5.20.jar:8.5.20]
	at org.apache.tomcat.websocket.server.WsFilter.doFilter(WsFilter.java:52) [tomcat-embed-websocket-8.5.20.jar:8.5.20]
	at org.apache.catalina.core.ApplicationFilterChain.internalDoFilter(ApplicationFilterChain.java:193) [tomcat-embed-core-8.5.20.jar:8.5.20]
	at org.apache.catalina.core.ApplicationFilterChain.doFilter(ApplicationFilterChain.java:166) [tomcat-embed-core-8.5.20.jar:8.5.20]
	at org.springframework.web.filter.RequestContextFilter.doFilterInternal(RequestContextFilter.java:99) [spring-web-4.3.11.RELEASE.jar:4.3.11.RELEASE]
	at org.springframework.web.filter.OncePerRequestFilter.doFilter(OncePerRequestFilter.java:107) [spring-web-4.3.11.RELEASE.jar:4.3.11.RELEASE]
	at org.apache.catalina.core.ApplicationFilterChain.internalDoFilter(ApplicationFilterChain.java:193) [tomcat-embed-core-8.5.20.jar:8.5.20]
	at org.apache.catalina.core.ApplicationFilterChain.doFilter(ApplicationFilterChain.java:166) [tomcat-embed-core-8.5.20.jar:8.5.20]
	at org.springframework.web.filter.HttpPutFormContentFilter.doFilterInternal(HttpPutFormContentFilter.java:108) [spring-web-4.3.11.RELEASE.jar:4.3.11.RELEASE]
	at org.springframework.web.filter.OncePerRequestFilter.doFilter(OncePerRequestFilter.java:107) [spring-web-4.3.11.RELEASE.jar:4.3.11.RELEASE]
	at org.apache.catalina.core.ApplicationFilterChain.internalDoFilter(ApplicationFilterChain.java:193) [tomcat-embed-core-8.5.20.jar:8.5.20]
	at org.apache.catalina.core.ApplicationFilterChain.doFilter(ApplicationFilterChain.java:166) [tomcat-embed-core-8.5.20.jar:8.5.20]
	at org.springframework.web.filter.HiddenHttpMethodFilter.doFilterInternal(HiddenHttpMethodFilter.java:81) [spring-web-4.3.11.RELEASE.jar:4.3.11.RELEASE]
	at org.springframework.web.filter.OncePerRequestFilter.doFilter(OncePerRequestFilter.java:107) [spring-web-4.3.11.RELEASE.jar:4.3.11.RELEASE]
	at org.apache.catalina.core.ApplicationFilterChain.internalDoFilter(ApplicationFilterChain.java:193) [tomcat-embed-core-8.5.20.jar:8.5.20]
	at org.apache.catalina.core.ApplicationFilterChain.doFilter(ApplicationFilterChain.java:166) [tomcat-embed-core-8.5.20.jar:8.5.20]
	at org.springframework.web.filter.CharacterEncodingFilter.doFilterInternal(CharacterEncodingFilter.java:197) [spring-web-4.3.11.RELEASE.jar:4.3.11.RELEASE]
	at org.springframework.web.filter.OncePerRequestFilter.doFilter(OncePerRequestFilter.java:107) [spring-web-4.3.11.RELEASE.jar:4.3.11.RELEASE]
	at org.apache.catalina.core.ApplicationFilterChain.internalDoFilter(ApplicationFilterChain.java:193) [tomcat-embed-core-8.5.20.jar:8.5.20]
	at org.apache.catalina.core.ApplicationFilterChain.doFilter(ApplicationFilterChain.java:166) [tomcat-embed-core-8.5.20.jar:8.5.20]
	at org.apache.catalina.core.StandardWrapperValve.invoke(StandardWrapperValve.java:198) [tomcat-embed-core-8.5.20.jar:8.5.20]
	at org.apache.catalina.core.StandardContextValve.invoke(StandardContextValve.java:96) [tomcat-embed-core-8.5.20.jar:8.5.20]
	at org.apache.catalina.authenticator.AuthenticatorBase.invoke(AuthenticatorBase.java:478) [tomcat-embed-core-8.5.20.jar:8.5.20]
	at org.apache.catalina.core.StandardHostValve.invoke(StandardHostValve.java:140) [tomcat-embed-core-8.5.20.jar:8.5.20]
	at org.apache.catalina.valves.ErrorReportValve.invoke(ErrorReportValve.java:80) [tomcat-embed-core-8.5.20.jar:8.5.20]
	at org.apache.catalina.core.StandardEngineValve.invoke(StandardEngineValve.java:87) [tomcat-embed-core-8.5.20.jar:8.5.20]
	at org.apache.catalina.connector.CoyoteAdapter.service(CoyoteAdapter.java:342) [tomcat-embed-core-8.5.20.jar:8.5.20]
	at org.apache.coyote.http11.Http11Processor.service(Http11Processor.java:799) [tomcat-embed-core-8.5.20.jar:8.5.20]
	at org.apache.coyote.AbstractProcessorLight.process(AbstractProcessorLight.java:66) [tomcat-embed-core-8.5.20.jar:8.5.20]
	at org.apache.coyote.AbstractProtocol$ConnectionHandler.process(AbstractProtocol.java:868) [tomcat-embed-core-8.5.20.jar:8.5.20]
	at org.apache.tomcat.util.net.NioEndpoint$SocketProcessor.doRun(NioEndpoint.java:1457) [tomcat-embed-core-8.5.20.jar:8.5.20]
	at org.apache.tomcat.util.net.SocketProcessorBase.run(SocketProcessorBase.java:49) [tomcat-embed-core-8.5.20.jar:8.5.20]
	at java.util.concurrent.ThreadPoolExecutor.runWorker(ThreadPoolExecutor.java:1149) [?:1.8.0_221]
	at java.util.concurrent.ThreadPoolExecutor$Worker.run(ThreadPoolExecutor.java:624) [?:1.8.0_221]
	at org.apache.tomcat.util.threads.TaskThread$WrappingRunnable.run(TaskThread.java:61) [tomcat-embed-core-8.5.20.jar:8.5.20]
	at java.lang.Thread.run(Thread.java:748) [?:1.8.0_221]
2020-04-06 22:17:16.406 [http-nio-8881-exec-1] DEBUG com.alibaba.druid.filter.logging.Log4j2Filter.statementLog(Log4j2Filter.java:137) - {conn-10001, pstmt-20000} closed
2020-04-06 22:19:29.428 [http-nio-8881-exec-1] DEBUG com.alibaba.druid.filter.logging.Log4j2Filter.statementLog(Log4j2Filter.java:137) - {conn-10001, pstmt-20000} created. insert into tb_content (id, category_id, title, 
      sub_title, title_desc, url, 
      pic, pic2, created, 
      updated, content)
    values (?, ?, ?, 
      ?, ?, ?, 
      ?, ?, ?, 
      ?, ?)
2020-04-06 22:19:29.438 [http-nio-8881-exec-1] DEBUG com.alibaba.druid.filter.logging.Log4j2Filter.statementLog(Log4j2Filter.java:137) - {conn-10001, pstmt-20000} Parameters : [null, 1, null, null, null, null, 1, null, null, null, null]
2020-04-06 22:19:29.439 [http-nio-8881-exec-1] DEBUG com.alibaba.druid.filter.logging.Log4j2Filter.statementLog(Log4j2Filter.java:137) - {conn-10001, pstmt-20000} Types : [BIGINT, VARCHAR, VARCHAR, VARCHAR, VARCHAR, VARCHAR, VARCHAR, VARCHAR, TIMESTAMP, TIMESTAMP, OTHER]
2020-04-06 22:19:29.462 [http-nio-8881-exec-1] DEBUG com.alibaba.druid.filter.logging.Log4j2Filter.statementLog(Log4j2Filter.java:137) - {conn-10001, pstmt-20000} executed. 28.0263 millis. insert into tb_content (id, category_id, title, 
      sub_title, title_desc, url, 
      pic, pic2, created, 
      updated, content)
    values (?, ?, ?, 
      ?, ?, ?, 
      ?, ?, ?, 
      ?, ?)
2020-04-06 22:19:29.463 [http-nio-8881-exec-1] DEBUG com.alibaba.druid.filter.logging.Log4j2Filter.statementLog(Log4j2Filter.java:137) - {conn-10001, pstmt-20000} closed
2020-04-06 22:23:37.335 [http-nio-8881-exec-1] DEBUG com.alibaba.druid.filter.logging.Log4j2Filter.statementLog(Log4j2Filter.java:137) - {conn-10001, pstmt-20000} created. insert into tb_content (id, category_id, title, 
      sub_title, title_desc, url, 
      pic, pic2, created, 
      updated, content)
    values (?, ?, ?, 
      ?, ?, ?, 
      ?, ?, ?, 
      ?, ?)
2020-04-06 22:23:37.343 [http-nio-8881-exec-1] DEBUG com.alibaba.druid.filter.logging.Log4j2Filter.statementLog(Log4j2Filter.java:137) - {conn-10001, pstmt-20000} Parameters : [null, 1, null, null, null, null, 1, null, null, null, null]
2020-04-06 22:23:37.344 [http-nio-8881-exec-1] DEBUG com.alibaba.druid.filter.logging.Log4j2Filter.statementLog(Log4j2Filter.java:137) - {conn-10001, pstmt-20000} Types : [BIGINT, VARCHAR, VARCHAR, VARCHAR, VARCHAR, VARCHAR, VARCHAR, VARCHAR, TIMESTAMP, TIMESTAMP, OTHER]
2020-04-06 22:23:37.362 [http-nio-8881-exec-1] DEBUG com.alibaba.druid.filter.logging.Log4j2Filter.statementLog(Log4j2Filter.java:137) - {conn-10001, pstmt-20000} executed. 21.605 millis. insert into tb_content (id, category_id, title, 
      sub_title, title_desc, url, 
      pic, pic2, created, 
      updated, content)
    values (?, ?, ?, 
      ?, ?, ?, 
      ?, ?, ?, 
      ?, ?)
2020-04-06 22:23:37.364 [http-nio-8881-exec-1] DEBUG com.alibaba.druid.filter.logging.Log4j2Filter.statementLog(Log4j2Filter.java:137) - {conn-10001, pstmt-20000} closed
2020-04-06 22:28:40.241 [http-nio-8881-exec-1] DEBUG com.alibaba.druid.filter.logging.Log4j2Filter.statementLog(Log4j2Filter.java:137) - {conn-10001, pstmt-20000} created. insert into tb_content (id, category_id, title, 
      sub_title, title_desc, url, 
      pic, pic2, created, 
      updated, content)
    values (?, ?, ?, 
      ?, ?, ?, 
      ?, ?, ?, 
      ?, ?)
2020-04-06 22:28:40.251 [http-nio-8881-exec-1] DEBUG com.alibaba.druid.filter.logging.Log4j2Filter.statementLog(Log4j2Filter.java:137) - {conn-10001, pstmt-20000} Parameters : [null, 1, null, null, null, null, 1, null, null, null, null]
2020-04-06 22:28:40.251 [http-nio-8881-exec-1] DEBUG com.alibaba.druid.filter.logging.Log4j2Filter.statementLog(Log4j2Filter.java:137) - {conn-10001, pstmt-20000} Types : [BIGINT, VARCHAR, VARCHAR, VARCHAR, VARCHAR, VARCHAR, VARCHAR, VARCHAR, TIMESTAMP, TIMESTAMP, OTHER]
2020-04-06 22:28:40.262 [http-nio-8881-exec-1] DEBUG com.alibaba.druid.filter.logging.Log4j2Filter.statementLog(Log4j2Filter.java:137) - {conn-10001, pstmt-20000} executed. 14.8082 millis. insert into tb_content (id, category_id, title, 
      sub_title, title_desc, url, 
      pic, pic2, created, 
      updated, content)
    values (?, ?, ?, 
      ?, ?, ?, 
      ?, ?, ?, 
      ?, ?)
2020-04-06 22:28:40.263 [http-nio-8881-exec-1] DEBUG com.alibaba.druid.filter.logging.Log4j2Filter.statementLog(Log4j2Filter.java:137) - {conn-10001, pstmt-20000} closed
2020-04-06 22:30:27.838 [http-nio-8881-exec-1] DEBUG com.alibaba.druid.filter.logging.Log4j2Filter.statementLog(Log4j2Filter.java:137) - {conn-10001, pstmt-20000} created. insert into tb_content (id, category_id, title, 
      sub_title, title_desc, url, 
      pic, pic2, created, 
      updated, content)
    values (?, ?, ?, 
      ?, ?, ?, 
      ?, ?, ?, 
      ?, ?)
2020-04-06 22:30:27.847 [http-nio-8881-exec-1] DEBUG com.alibaba.druid.filter.logging.Log4j2Filter.statementLog(Log4j2Filter.java:137) - {conn-10001, pstmt-20000} Parameters : [null, 1, null, null, null, null, 1, null, null, null, null]
2020-04-06 22:30:27.848 [http-nio-8881-exec-1] DEBUG com.alibaba.druid.filter.logging.Log4j2Filter.statementLog(Log4j2Filter.java:137) - {conn-10001, pstmt-20000} Types : [BIGINT, VARCHAR, VARCHAR, VARCHAR, VARCHAR, VARCHAR, VARCHAR, VARCHAR, TIMESTAMP, TIMESTAMP, OTHER]
2020-04-06 22:30:27.858 [http-nio-8881-exec-1] DEBUG com.alibaba.druid.filter.logging.Log4j2Filter.statementLog(Log4j2Filter.java:137) - {conn-10001, pstmt-20000} executed. 14.114 millis. insert into tb_content (id, category_id, title, 
      sub_title, title_desc, url, 
      pic, pic2, created, 
      updated, content)
    values (?, ?, ?, 
      ?, ?, ?, 
      ?, ?, ?, 
      ?, ?)
2020-04-06 22:30:27.858 [http-nio-8881-exec-1] DEBUG com.alibaba.druid.filter.logging.Log4j2Filter.statementLog(Log4j2Filter.java:137) - {conn-10001, pstmt-20000} closed
2020-04-06 22:31:03.085 [http-nio-8881-exec-3] DEBUG com.alibaba.druid.filter.logging.Log4j2Filter.statementLog(Log4j2Filter.java:137) - {conn-10001, pstmt-20001} created. insert into tb_content (id, category_id, title, 
      sub_title, title_desc, url, 
      pic, pic2, created, 
      updated, content)
    values (?, ?, ?, 
      ?, ?, ?, 
      ?, ?, ?, 
      ?, ?)
2020-04-06 22:31:03.086 [http-nio-8881-exec-3] DEBUG com.alibaba.druid.filter.logging.Log4j2Filter.statementLog(Log4j2Filter.java:137) - {conn-10001, pstmt-20001} Parameters : [null, 1, null, null, null, null, 1, null, null, null, null]
2020-04-06 22:31:03.086 [http-nio-8881-exec-3] DEBUG com.alibaba.druid.filter.logging.Log4j2Filter.statementLog(Log4j2Filter.java:137) - {conn-10001, pstmt-20001} Types : [BIGINT, VARCHAR, VARCHAR, VARCHAR, VARCHAR, VARCHAR, VARCHAR, VARCHAR, TIMESTAMP, TIMESTAMP, OTHER]
2020-04-06 22:31:03.095 [http-nio-8881-exec-3] DEBUG com.alibaba.druid.filter.logging.Log4j2Filter.statementLog(Log4j2Filter.java:137) - {conn-10001, pstmt-20001} executed. 8.8947 millis. insert into tb_content (id, category_id, title, 
      sub_title, title_desc, url, 
      pic, pic2, created, 
      updated, content)
    values (?, ?, ?, 
      ?, ?, ?, 
      ?, ?, ?, 
      ?, ?)
2020-04-06 22:31:03.095 [http-nio-8881-exec-3] DEBUG com.alibaba.druid.filter.logging.Log4j2Filter.statementLog(Log4j2Filter.java:137) - {conn-10001, pstmt-20001} closed
2020-04-06 22:32:18.686 [http-nio-8881-exec-1] DEBUG com.alibaba.druid.filter.logging.Log4j2Filter.statementLog(Log4j2Filter.java:137) - {conn-10001, pstmt-20000} created. insert into tb_content (id, category_id, title, 
      sub_title, title_desc, url, 
      pic, pic2, created, 
      updated, content)
    values (?, ?, ?, 
      ?, ?, ?, 
      ?, ?, ?, 
      ?, ?)
2020-04-06 22:32:18.695 [http-nio-8881-exec-1] DEBUG com.alibaba.druid.filter.logging.Log4j2Filter.statementLog(Log4j2Filter.java:137) - {conn-10001, pstmt-20000} Parameters : [null, 1, null, null, null, null, 1, null, null, null, null]
2020-04-06 22:32:18.695 [http-nio-8881-exec-1] DEBUG com.alibaba.druid.filter.logging.Log4j2Filter.statementLog(Log4j2Filter.java:137) - {conn-10001, pstmt-20000} Types : [BIGINT, VARCHAR, VARCHAR, VARCHAR, VARCHAR, VARCHAR, VARCHAR, VARCHAR, TIMESTAMP, TIMESTAMP, OTHER]
2020-04-06 22:32:18.699 [http-nio-8881-exec-1] DEBUG com.alibaba.druid.filter.logging.Log4j2Filter.statementLog(Log4j2Filter.java:137) - {conn-10001, pstmt-20000} executed. 7.1731 millis. insert into tb_content (id, category_id, title, 
      sub_title, title_desc, url, 
      pic, pic2, created, 
      updated, content)
    values (?, ?, ?, 
      ?, ?, ?, 
      ?, ?, ?, 
      ?, ?)
2020-04-06 22:32:18.700 [http-nio-8881-exec-1] DEBUG com.alibaba.druid.filter.logging.Log4j2Filter.statementLog(Log4j2Filter.java:137) - {conn-10001, pstmt-20000} closed
